<?xml version="1.0" encoding="UTF-8"?>
<coverage generated="1752567694106" clover="3.2.0">
  <project timestamp="1752567694107" name="All files">
    <metrics statements="118" coveredstatements="114" conditionals="78" coveredconditionals="65" methods="37" coveredmethods="37" elements="233" coveredelements="216" complexity="0" loc="118" ncloc="118" packages="1" files="11" classes="11"/>
    <file name="admin.js" path="C:\Users\MALEBO\Desktop\solo-titan\admin.js">
      <metrics statements="17" coveredstatements="17" conditionals="4" coveredconditionals="3" methods="8" coveredmethods="8"/>
      <line num="7" count="6" type="stmt"/>
      <line num="8" count="6" type="cond" truecount="1" falsecount="1"/>
      <line num="12" count="2" type="stmt"/>
      <line num="13" count="7" type="stmt"/>
      <line num="15" count="2" type="cond" truecount="2" falsecount="0"/>
      <line num="16" count="1" type="stmt"/>
      <line num="17" count="1" type="stmt"/>
      <line num="18" count="1" type="stmt"/>
      <line num="21" count="1" type="stmt"/>
      <line num="25" count="2" type="stmt"/>
      <line num="26" count="2" type="stmt"/>
      <line num="28" count="5" type="stmt"/>
      <line num="29" count="5" type="stmt"/>
      <line num="30" count="5" type="stmt"/>
      <line num="31" count="5" type="stmt"/>
      <line num="33" count="2" type="stmt"/>
      <line num="36" count="1" type="stmt"/>
    </file>
    <file name="awareness.js" path="C:\Users\MALEBO\Desktop\solo-titan\awareness.js">
      <metrics statements="2" coveredstatements="2" conditionals="0" coveredconditionals="0" methods="1" coveredmethods="1"/>
      <line num="7" count="1" type="stmt"/>
      <line num="42" count="1" type="stmt"/>
    </file>
    <file name="dashboard.js" path="C:\Users\MALEBO\Desktop\solo-titan\dashboard.js">
      <metrics statements="3" coveredstatements="3" conditionals="0" coveredconditionals="0" methods="4" coveredmethods="4"/>
      <line num="5" count="12" type="stmt"/>
      <line num="9" count="12" type="stmt"/>
      <line num="12" count="1" type="stmt"/>
    </file>
    <file name="dataService.js" path="C:\Users\MALEBO\Desktop\solo-titan\dataService.js">
      <metrics statements="33" coveredstatements="33" conditionals="16" coveredconditionals="9" methods="9" coveredmethods="9"/>
      <line num="4" count="2" type="stmt"/>
      <line num="11" count="2" type="stmt"/>
      <line num="12" count="11" type="cond" truecount="1" falsecount="1"/>
      <line num="13" count="11" type="stmt"/>
      <line num="23" count="11" type="stmt"/>
      <line num="26" count="11" type="cond" truecount="1" falsecount="1"/>
      <line num="27" count="11" type="stmt"/>
      <line num="37" count="11" type="stmt"/>
      <line num="40" count="11" type="cond" truecount="1" falsecount="1"/>
      <line num="41" count="11" type="stmt"/>
      <line num="45" count="2" type="stmt"/>
      <line num="48" count="9" type="cond" truecount="1" falsecount="1"/>
      <line num="52" count="3" type="stmt"/>
      <line num="53" count="3" type="stmt"/>
      <line num="61" count="3" type="stmt"/>
      <line num="62" count="3" type="stmt"/>
      <line num="63" count="3" type="stmt"/>
      <line num="67" count="2" type="stmt"/>
      <line num="68" count="4" type="stmt"/>
      <line num="69" count="2" type="cond" truecount="1" falsecount="1"/>
      <line num="70" count="2" type="stmt"/>
      <line num="71" count="2" type="stmt"/>
      <line num="72" count="2" type="stmt"/>
      <line num="77" count="5" type="cond" truecount="1" falsecount="1"/>
      <line num="81" count="3" type="stmt"/>
      <line num="82" count="3" type="cond" truecount="2" falsecount="0"/>
      <line num="83" count="2" type="stmt"/>
      <line num="84" count="2" type="stmt"/>
      <line num="85" count="2" type="stmt"/>
      <line num="90" count="9" type="stmt"/>
      <line num="91" count="9" type="stmt"/>
      <line num="95" count="2" type="stmt"/>
      <line num="97" count="2" type="stmt"/>
    </file>
    <file name="feedback.js" path="C:\Users\MALEBO\Desktop\solo-titan\feedback.js">
      <metrics statements="7" coveredstatements="7" conditionals="12" coveredconditionals="12" methods="1" coveredmethods="1"/>
      <line num="5" count="5" type="cond" truecount="4" falsecount="0"/>
      <line num="6" count="2" type="stmt"/>
      <line num="9" count="3" type="cond" truecount="4" falsecount="0"/>
      <line num="10" count="1" type="stmt"/>
      <line num="13" count="2" type="stmt"/>
      <line num="22" count="2" type="stmt"/>
      <line num="25" count="1" type="stmt"/>
    </file>
    <file name="integration.js" path="C:\Users\MALEBO\Desktop\solo-titan\integration.js">
      <metrics statements="4" coveredstatements="4" conditionals="2" coveredconditionals="0" methods="3" coveredmethods="3"/>
      <line num="7" count="1" type="stmt"/>
      <line num="16" count="1" type="stmt"/>
      <line num="20" count="1" type="stmt"/>
      <line num="30" count="1" type="stmt"/>
    </file>
    <file name="login.js" path="C:\Users\MALEBO\Desktop\solo-titan\login.js">
      <metrics statements="5" coveredstatements="5" conditionals="9" coveredconditionals="8" methods="2" coveredmethods="2"/>
      <line num="4" count="6" type="cond" truecount="4" falsecount="0"/>
      <line num="6" count="4" type="stmt"/>
      <line num="7" count="7" type="cond" truecount="2" falsecount="0"/>
      <line num="10" count="4" type="cond" truecount="2" falsecount="0"/>
      <line num="13" count="1" type="stmt"/>
    </file>
    <file name="logout.js" path="C:\Users\MALEBO\Desktop\solo-titan\logout.js">
      <metrics statements="12" coveredstatements="8" conditionals="2" coveredconditionals="2" methods="3" coveredmethods="3"/>
      <line num="4" count="4" type="stmt"/>
      <line num="5" count="4" type="stmt"/>
      <line num="6" count="4" type="stmt"/>
      <line num="8" count="0" type="stmt"/>
      <line num="9" count="0" type="stmt"/>
      <line num="14" count="5" type="stmt"/>
      <line num="15" count="5" type="stmt"/>
      <line num="16" count="5" type="cond" truecount="2" falsecount="0"/>
      <line num="18" count="0" type="stmt"/>
      <line num="19" count="0" type="stmt"/>
      <line num="24" count="2" type="stmt"/>
      <line num="27" count="1" type="stmt"/>
    </file>
    <file name="pickup.js" path="C:\Users\MALEBO\Desktop\solo-titan\pickup.js">
      <metrics statements="9" coveredstatements="9" conditionals="12" coveredconditionals="12" methods="1" coveredmethods="1"/>
      <line num="5" count="7" type="cond" truecount="6" falsecount="0"/>
      <line num="6" count="4" type="stmt"/>
      <line num="9" count="3" type="cond" truecount="2" falsecount="0"/>
      <line num="10" count="1" type="stmt"/>
      <line num="13" count="2" type="cond" truecount="4" falsecount="0"/>
      <line num="14" count="1" type="stmt"/>
      <line num="17" count="1" type="stmt"/>
      <line num="26" count="1" type="stmt"/>
      <line num="29" count="1" type="stmt"/>
    </file>
    <file name="register.js" path="C:\Users\MALEBO\Desktop\solo-titan\register.js">
      <metrics statements="16" coveredstatements="16" conditionals="17" coveredconditionals="16" methods="2" coveredmethods="2"/>
      <line num="4" count="8" type="cond" truecount="6" falsecount="0"/>
      <line num="5" count="2" type="stmt"/>
      <line num="8" count="6" type="cond" truecount="2" falsecount="0"/>
      <line num="9" count="1" type="stmt"/>
      <line num="12" count="5" type="stmt"/>
      <line num="13" count="5" type="cond" truecount="2" falsecount="0"/>
      <line num="14" count="1" type="stmt"/>
      <line num="17" count="4" type="cond" truecount="2" falsecount="0"/>
      <line num="18" count="1" type="stmt"/>
      <line num="21" count="3" type="cond" truecount="2" falsecount="0"/>
      <line num="22" count="1" type="stmt"/>
      <line num="25" count="2" type="cond" truecount="2" falsecount="0"/>
      <line num="26" count="1" type="stmt"/>
      <line num="29" count="1" type="stmt"/>
      <line num="37" count="1" type="stmt"/>
      <line num="40" count="1" type="stmt"/>
    </file>
    <file name="updatereq.js" path="C:\Users\MALEBO\Desktop\solo-titan\updatereq.js">
      <metrics statements="10" coveredstatements="10" conditionals="4" coveredconditionals="3" methods="3" coveredmethods="3"/>
      <line num="3" count="1" type="stmt"/>
      <line num="6" count="6" type="stmt"/>
      <line num="7" count="6" type="cond" truecount="1" falsecount="1"/>
      <line num="11" count="4" type="stmt"/>
      <line num="12" count="5" type="stmt"/>
      <line num="14" count="4" type="cond" truecount="2" falsecount="0"/>
      <line num="16" count="2" type="stmt"/>
      <line num="17" count="2" type="stmt"/>
      <line num="18" count="2" type="stmt"/>
      <line num="21" count="1" type="stmt"/>
    </file>
  </project>
</coverage>
