{"C:\\Users\\MALEBO\\Desktop\\solo-titan\\admin.js": {"path":"C:\\Users\\MALEBO\\Desktop\\solo-titan\\admin.js","statementMap":{"0":{"start":{"line":7,"column":15},"end":{"line":7,"column":64}},"1":{"start":{"line":8,"column":2},"end":{"line":8,"column":38}},"2":{"start":{"line":12,"column":19},"end":{"line":12,"column":35}},"3":{"start":{"line":13,"column":16},"end":{"line":13,"column":63}},"4":{"start":{"line":13,"column":42},"end":{"line":13,"column":62}},"5":{"start":{"line":15,"column":2},"end":{"line":19,"column":3}},"6":{"start":{"line":16,"column":4},"end":{"line":16,"column":39}},"7":{"start":{"line":17,"column":4},"end":{"line":17,"column":80}},"8":{"start":{"line":18,"column":4},"end":{"line":18,"column":16}},"9":{"start":{"line":21,"column":2},"end":{"line":21,"column":15}},"10":{"start":{"line":25,"column":14},"end":{"line":25,"column":30}},"11":{"start":{"line":26,"column":16},"end":{"line":32,"column":3}},"12":{"start":{"line":28,"column":29},"end":{"line":28,"column":51}},"13":{"start":{"line":29,"column":31},"end":{"line":29,"column":55}},"14":{"start":{"line":30,"column":31},"end":{"line":30,"column":55}},"15":{"start":{"line":31,"column":28},"end":{"line":31,"column":49}},"16":{"start":{"line":33,"column":2},"end":{"line":33,"column":15}},"17":{"start":{"line":36,"column":0},"end":{"line":40,"column":2}}},"fnMap":{"0":{"name":"getAllRequests","decl":{"start":{"line":6,"column":9},"end":{"line":6,"column":23}},"loc":{"start":{"line":6,"column":26},"end":{"line":9,"column":1}},"line":6},"1":{"name":"updateRequestStatus","decl":{"start":{"line":11,"column":9},"end":{"line":11,"column":28}},"loc":{"start":{"line":11,"column":51},"end":{"line":22,"column":1}},"line":11},"2":{"name":"(anonymous_2)","decl":{"start":{"line":13,"column":35},"end":{"line":13,"column":36}},"loc":{"start":{"line":13,"column":42},"end":{"line":13,"column":62}},"line":13},"3":{"name":"calculateStats","decl":{"start":{"line":24,"column":9},"end":{"line":24,"column":23}},"loc":{"start":{"line":24,"column":26},"end":{"line":34,"column":1}},"line":24},"4":{"name":"(anonymous_4)","decl":{"start":{"line":28,"column":24},"end":{"line":28,"column":25}},"loc":{"start":{"line":28,"column":29},"end":{"line":28,"column":51}},"line":28},"5":{"name":"(anonymous_5)","decl":{"start":{"line":29,"column":26},"end":{"line":29,"column":27}},"loc":{"start":{"line":29,"column":31},"end":{"line":29,"column":55}},"line":29},"6":{"name":"(anonymous_6)","decl":{"start":{"line":30,"column":26},"end":{"line":30,"column":27}},"loc":{"start":{"line":30,"column":31},"end":{"line":30,"column":55}},"line":30},"7":{"name":"(anonymous_7)","decl":{"start":{"line":31,"column":23},"end":{"line":31,"column":24}},"loc":{"start":{"line":31,"column":28},"end":{"line":31,"column":49}},"line":31}},"branchMap":{"0":{"loc":{"start":{"line":8,"column":9},"end":{"line":8,"column":37}},"type":"cond-expr","locations":[{"start":{"line":8,"column":16},"end":{"line":8,"column":32}},{"start":{"line":8,"column":35},"end":{"line":8,"column":37}}],"line":8},"1":{"loc":{"start":{"line":15,"column":2},"end":{"line":19,"column":3}},"type":"if","locations":[{"start":{"line":15,"column":2},"end":{"line":19,"column":3}},{"start":{},"end":{}}],"line":15}},"s":{"0":6,"1":6,"2":2,"3":2,"4":7,"5":2,"6":1,"7":1,"8":1,"9":1,"10":2,"11":2,"12":5,"13":5,"14":5,"15":5,"16":2,"17":1},"f":{"0":6,"1":2,"2":7,"3":2,"4":5,"5":5,"6":5,"7":5},"b":{"0":[6,0],"1":[1,1]},"_coverageSchema":"1a1c01bbd47fc00a2c39e90264f33305004495a9","hash":"4dc894f2b3b244506d43c1fa1f039609e750810b"}
,"C:\\Users\\MALEBO\\Desktop\\solo-titan\\awareness.js": {"path":"C:\\Users\\MALEBO\\Desktop\\solo-titan\\awareness.js","statementMap":{"0":{"start":{"line":7,"column":2},"end":{"line":39,"column":4}},"1":{"start":{"line":42,"column":0},"end":{"line":44,"column":2}}},"fnMap":{"0":{"name":"getAwarenessCards","decl":{"start":{"line":6,"column":9},"end":{"line":6,"column":26}},"loc":{"start":{"line":6,"column":29},"end":{"line":40,"column":1}},"line":6}},"branchMap":{},"s":{"0":1,"1":1},"f":{"0":1},"b":{},"_coverageSchema":"1a1c01bbd47fc00a2c39e90264f33305004495a9","hash":"543b35759b690b0e61e6f3b332d3fb540e3f6bf0"}
,"C:\\Users\\MALEBO\\Desktop\\solo-titan\\dashboard.js": {"path":"C:\\Users\\MALEBO\\Desktop\\solo-titan\\dashboard.js","statementMap":{"0":{"start":{"line":5,"column":2},"end":{"line":5,"column":53}},"1":{"start":{"line":5,"column":32},"end":{"line":5,"column":51}},"2":{"start":{"line":9,"column":2},"end":{"line":9,"column":57}},"3":{"start":{"line":9,"column":32},"end":{"line":9,"column":55}},"4":{"start":{"line":12,"column":0},"end":{"line":12,"column":54}}},"fnMap":{"0":{"name":"filterByStatus","decl":{"start":{"line":4,"column":9},"end":{"line":4,"column":23}},"loc":{"start":{"line":4,"column":42},"end":{"line":6,"column":1}},"line":4},"1":{"name":"(anonymous_1)","decl":{"start":{"line":5,"column":25},"end":{"line":5,"column":26}},"loc":{"start":{"line":5,"column":32},"end":{"line":5,"column":51}},"line":5},"2":{"name":"filterByLocation","decl":{"start":{"line":8,"column":9},"end":{"line":8,"column":25}},"loc":{"start":{"line":8,"column":46},"end":{"line":10,"column":1}},"line":8},"3":{"name":"(anonymous_3)","decl":{"start":{"line":9,"column":25},"end":{"line":9,"column":26}},"loc":{"start":{"line":9,"column":32},"end":{"line":9,"column":55}},"line":9}},"branchMap":{},"s":{"0":3,"1":12,"2":3,"3":12,"4":1},"f":{"0":3,"1":12,"2":3,"3":12},"b":{},"_coverageSchema":"1a1c01bbd47fc00a2c39e90264f33305004495a9","hash":"b25fda3f544c5459c41798163df34c016d34d384"}
,"C:\\Users\\MALEBO\\Desktop\\solo-titan\\dataService.js": {"path":"C:\\Users\\MALEBO\\Desktop\\solo-titan\\dataService.js","statementMap":{"0":{"start":{"line":4,"column":21},"end":{"line":8,"column":1}},"1":{"start":{"line":11,"column":23},"end":{"line":43,"column":1}},"2":{"start":{"line":12,"column":2},"end":{"line":24,"column":3}},"3":{"start":{"line":13,"column":27},"end":{"line":22,"column":5}},"4":{"start":{"line":23,"column":4},"end":{"line":23,"column":87}},"5":{"start":{"line":26,"column":2},"end":{"line":38,"column":3}},"6":{"start":{"line":27,"column":24},"end":{"line":36,"column":5}},"7":{"start":{"line":37,"column":4},"end":{"line":37,"column":74}},"8":{"start":{"line":40,"column":2},"end":{"line":42,"column":3}},"9":{"start":{"line":41,"column":4},"end":{"line":41,"column":68}},"10":{"start":{"line":45,"column":20},"end":{"line":93,"column":1}},"11":{"start":{"line":48,"column":4},"end":{"line":48,"column":80}},"12":{"start":{"line":52,"column":21},"end":{"line":52,"column":55}},"13":{"start":{"line":53,"column":23},"end":{"line":60,"column":5}},"14":{"start":{"line":61,"column":4},"end":{"line":61,"column":30}},"15":{"start":{"line":62,"column":4},"end":{"line":62,"column":81}},"16":{"start":{"line":63,"column":4},"end":{"line":63,"column":22}},"17":{"start":{"line":67,"column":21},"end":{"line":67,"column":55}},"18":{"start":{"line":68,"column":18},"end":{"line":68,"column":65}},"19":{"start":{"line":68,"column":44},"end":{"line":68,"column":64}},"20":{"start":{"line":69,"column":4},"end":{"line":69,"column":35}},"21":{"start":{"line":69,"column":22},"end":{"line":69,"column":35}},"22":{"start":{"line":70,"column":4},"end":{"line":70,"column":36}},"23":{"start":{"line":71,"column":4},"end":{"line":71,"column":81}},"24":{"start":{"line":72,"column":4},"end":{"line":72,"column":16}},"25":{"start":{"line":77,"column":4},"end":{"line":77,"column":70}},"26":{"start":{"line":81,"column":18},"end":{"line":81,"column":43}},"27":{"start":{"line":82,"column":4},"end":{"line":82,"column":62}},"28":{"start":{"line":82,"column":24},"end":{"line":82,"column":46}},"29":{"start":{"line":82,"column":49},"end":{"line":82,"column":62}},"30":{"start":{"line":83,"column":4},"end":{"line":83,"column":21}},"31":{"start":{"line":84,"column":4},"end":{"line":84,"column":68}},"32":{"start":{"line":85,"column":4},"end":{"line":85,"column":16}},"33":{"start":{"line":90,"column":4},"end":{"line":90,"column":25}},"34":{"start":{"line":91,"column":4},"end":{"line":91,"column":21}},"35":{"start":{"line":95,"column":0},"end":{"line":95,"column":17}},"36":{"start":{"line":97,"column":0},"end":{"line":97,"column":29}}},"fnMap":{"0":{"name":"(anonymous_0)","decl":{"start":{"line":11,"column":23},"end":{"line":11,"column":24}},"loc":{"start":{"line":11,"column":29},"end":{"line":43,"column":1}},"line":11},"1":{"name":"(anonymous_1)","decl":{"start":{"line":47,"column":24},"end":{"line":47,"column":25}},"loc":{"start":{"line":47,"column":30},"end":{"line":49,"column":3}},"line":47},"2":{"name":"(anonymous_2)","decl":{"start":{"line":51,"column":20},"end":{"line":51,"column":21}},"loc":{"start":{"line":51,"column":30},"end":{"line":64,"column":3}},"line":51},"3":{"name":"(anonymous_3)","decl":{"start":{"line":66,"column":23},"end":{"line":66,"column":24}},"loc":{"start":{"line":66,"column":46},"end":{"line":73,"column":3}},"line":66},"4":{"name":"(anonymous_4)","decl":{"start":{"line":68,"column":37},"end":{"line":68,"column":38}},"loc":{"start":{"line":68,"column":44},"end":{"line":68,"column":64}},"line":68},"5":{"name":"(anonymous_5)","decl":{"start":{"line":76,"column":15},"end":{"line":76,"column":16}},"loc":{"start":{"line":76,"column":21},"end":{"line":78,"column":3}},"line":76},"6":{"name":"(anonymous_6)","decl":{"start":{"line":80,"column":11},"end":{"line":80,"column":12}},"loc":{"start":{"line":80,"column":21},"end":{"line":86,"column":3}},"line":80},"7":{"name":"(anonymous_7)","decl":{"start":{"line":82,"column":19},"end":{"line":82,"column":20}},"loc":{"start":{"line":82,"column":24},"end":{"line":82,"column":46}},"line":82},"8":{"name":"(anonymous_8)","decl":{"start":{"line":89,"column":16},"end":{"line":89,"column":17}},"loc":{"start":{"line":89,"column":22},"end":{"line":92,"column":3}},"line":89}},"branchMap":{"0":{"loc":{"start":{"line":12,"column":2},"end":{"line":24,"column":3}},"type":"if","locations":[{"start":{"line":12,"column":2},"end":{"line":24,"column":3}},{"start":{},"end":{}}],"line":12},"1":{"loc":{"start":{"line":26,"column":2},"end":{"line":38,"column":3}},"type":"if","locations":[{"start":{"line":26,"column":2},"end":{"line":38,"column":3}},{"start":{},"end":{}}],"line":26},"2":{"loc":{"start":{"line":40,"column":2},"end":{"line":42,"column":3}},"type":"if","locations":[{"start":{"line":40,"column":2},"end":{"line":42,"column":3}},{"start":{},"end":{}}],"line":40},"3":{"loc":{"start":{"line":48,"column":11},"end":{"line":48,"column":79}},"type":"binary-expr","locations":[{"start":{"line":48,"column":11},"end":{"line":48,"column":73}},{"start":{"line":48,"column":77},"end":{"line":48,"column":79}}],"line":48},"4":{"loc":{"start":{"line":58,"column":21},"end":{"line":58,"column":58}},"type":"binary-expr","locations":[{"start":{"line":58,"column":21},"end":{"line":58,"column":39}},{"start":{"line":58,"column":43},"end":{"line":58,"column":58}}],"line":58},"5":{"loc":{"start":{"line":69,"column":4},"end":{"line":69,"column":35}},"type":"if","locations":[{"start":{"line":69,"column":4},"end":{"line":69,"column":35}},{"start":{},"end":{}}],"line":69},"6":{"loc":{"start":{"line":77,"column":11},"end":{"line":77,"column":69}},"type":"binary-expr","locations":[{"start":{"line":77,"column":11},"end":{"line":77,"column":63}},{"start":{"line":77,"column":67},"end":{"line":77,"column":69}}],"line":77},"7":{"loc":{"start":{"line":82,"column":4},"end":{"line":82,"column":62}},"type":"if","locations":[{"start":{"line":82,"column":4},"end":{"line":82,"column":62}},{"start":{},"end":{}}],"line":82}},"s":{"0":2,"1":2,"2":11,"3":11,"4":11,"5":11,"6":11,"7":11,"8":11,"9":11,"10":2,"11":9,"12":3,"13":3,"14":3,"15":3,"16":3,"17":2,"18":2,"19":4,"20":2,"21":0,"22":2,"23":2,"24":2,"25":5,"26":3,"27":3,"28":3,"29":1,"30":2,"31":2,"32":2,"33":9,"34":9,"35":2,"36":2},"f":{"0":11,"1":9,"2":3,"3":2,"4":4,"5":5,"6":3,"7":3,"8":9},"b":{"0":[11,0],"1":[11,0],"2":[11,0],"3":[9,0],"4":[3,0],"5":[0,2],"6":[5,0],"7":[1,2]},"_coverageSchema":"1a1c01bbd47fc00a2c39e90264f33305004495a9","hash":"5fa9e108e413c0029d1c181824b01e95639596c5"}
,"C:\\Users\\MALEBO\\Desktop\\solo-titan\\feedback.js": {"path":"C:\\Users\\MALEBO\\Desktop\\solo-titan\\feedback.js","statementMap":{"0":{"start":{"line":5,"column":2},"end":{"line":7,"column":3}},"1":{"start":{"line":6,"column":4},"end":{"line":6,"column":76}},"2":{"start":{"line":9,"column":2},"end":{"line":11,"column":3}},"3":{"start":{"line":10,"column":4},"end":{"line":10,"column":79}},"4":{"start":{"line":13,"column":19},"end":{"line":20,"column":3}},"5":{"start":{"line":22,"column":2},"end":{"line":22,"column":37}},"6":{"start":{"line":25,"column":0},"end":{"line":25,"column":42}}},"fnMap":{"0":{"name":"validateFeedbackForm","decl":{"start":{"line":4,"column":9},"end":{"line":4,"column":29}},"loc":{"start":{"line":4,"column":59},"end":{"line":23,"column":1}},"line":4}},"branchMap":{"0":{"loc":{"start":{"line":5,"column":2},"end":{"line":7,"column":3}},"type":"if","locations":[{"start":{"line":5,"column":2},"end":{"line":7,"column":3}},{"start":{},"end":{}}],"line":5},"1":{"loc":{"start":{"line":5,"column":6},"end":{"line":5,"column":27}},"type":"binary-expr","locations":[{"start":{"line":5,"column":6},"end":{"line":5,"column":16}},{"start":{"line":5,"column":20},"end":{"line":5,"column":27}}],"line":5},"2":{"loc":{"start":{"line":9,"column":2},"end":{"line":11,"column":3}},"type":"if","locations":[{"start":{"line":9,"column":2},"end":{"line":11,"column":3}},{"start":{},"end":{}}],"line":9},"3":{"loc":{"start":{"line":9,"column":6},"end":{"line":9,"column":44}},"type":"binary-expr","locations":[{"start":{"line":9,"column":6},"end":{"line":9,"column":14}},{"start":{"line":9,"column":18},"end":{"line":9,"column":44}}],"line":9},"4":{"loc":{"start":{"line":16,"column":14},"end":{"line":16,"column":64}},"type":"cond-expr","locations":[{"start":{"line":16,"column":44},"end":{"line":16,"column":59}},{"start":{"line":16,"column":62},"end":{"line":16,"column":64}}],"line":16},"5":{"loc":{"start":{"line":16,"column":14},"end":{"line":16,"column":41}},"type":"binary-expr","locations":[{"start":{"line":16,"column":14},"end":{"line":16,"column":22}},{"start":{"line":16,"column":26},"end":{"line":16,"column":41}}],"line":16}},"s":{"0":5,"1":2,"2":3,"3":1,"4":2,"5":2,"6":1},"f":{"0":5},"b":{"0":[2,3],"1":[5,4],"2":[1,2],"3":[3,2],"4":[1,1],"5":[2,1]},"_coverageSchema":"1a1c01bbd47fc00a2c39e90264f33305004495a9","hash":"6adfd30d035c86282826a292d8c58e4fe1726ce7"}
,"C:\\Users\\MALEBO\\Desktop\\solo-titan\\integration.js": {"path":"C:\\Users\\MALEBO\\Desktop\\solo-titan\\integration.js","statementMap":{"0":{"start":{"line":7,"column":2},"end":{"line":12,"column":5}},"1":{"start":{"line":16,"column":2},"end":{"line":16,"column":65}},"2":{"start":{"line":20,"column":2},"end":{"line":27,"column":5}},"3":{"start":{"line":30,"column":0},"end":{"line":34,"column":2}}},"fnMap":{"0":{"name":"createMockPickup","decl":{"start":{"line":6,"column":9},"end":{"line":6,"column":25}},"loc":{"start":{"line":6,"column":66},"end":{"line":13,"column":1}},"line":6},"1":{"name":"updateRequestToCompleted","decl":{"start":{"line":15,"column":9},"end":{"line":15,"column":33}},"loc":{"start":{"line":15,"column":58},"end":{"line":17,"column":1}},"line":15},"2":{"name":"simulateAddUser","decl":{"start":{"line":19,"column":9},"end":{"line":19,"column":24}},"loc":{"start":{"line":19,"column":63},"end":{"line":28,"column":1}},"line":19}},"branchMap":{"0":{"loc":{"start":{"line":6,"column":39},"end":{"line":6,"column":64}},"type":"default-arg","locations":[{"start":{"line":6,"column":46},"end":{"line":6,"column":64}}],"line":6},"1":{"loc":{"start":{"line":19,"column":38},"end":{"line":19,"column":61}},"type":"default-arg","locations":[{"start":{"line":19,"column":46},"end":{"line":19,"column":61}}],"line":19}},"s":{"0":1,"1":1,"2":1,"3":1},"f":{"0":1,"1":1,"2":1},"b":{"0":[0],"1":[0]},"_coverageSchema":"1a1c01bbd47fc00a2c39e90264f33305004495a9","hash":"fd2fb4aeace5f85e800ef3afb188a69381998956"}
,"C:\\Users\\MALEBO\\Desktop\\solo-titan\\login.js": {"path":"C:\\Users\\MALEBO\\Desktop\\solo-titan\\login.js","statementMap":{"0":{"start":{"line":4,"column":2},"end":{"line":4,"column":40}},"1":{"start":{"line":4,"column":27},"end":{"line":4,"column":40}},"2":{"start":{"line":6,"column":16},"end":{"line":8,"column":3}},"3":{"start":{"line":7,"column":14},"end":{"line":7,"column":64}},"4":{"start":{"line":10,"column":2},"end":{"line":10,"column":24}},"5":{"start":{"line":13,"column":0},"end":{"line":13,"column":27}}},"fnMap":{"0":{"name":"login","decl":{"start":{"line":3,"column":9},"end":{"line":3,"column":14}},"loc":{"start":{"line":3,"column":44},"end":{"line":11,"column":1}},"line":3},"1":{"name":"(anonymous_1)","decl":{"start":{"line":7,"column":4},"end":{"line":7,"column":5}},"loc":{"start":{"line":7,"column":14},"end":{"line":7,"column":64}},"line":7}},"branchMap":{"0":{"loc":{"start":{"line":3,"column":32},"end":{"line":3,"column":42}},"type":"default-arg","locations":[{"start":{"line":3,"column":40},"end":{"line":3,"column":42}}],"line":3},"1":{"loc":{"start":{"line":4,"column":2},"end":{"line":4,"column":40}},"type":"if","locations":[{"start":{"line":4,"column":2},"end":{"line":4,"column":40}},{"start":{},"end":{}}],"line":4},"2":{"loc":{"start":{"line":4,"column":6},"end":{"line":4,"column":25}},"type":"binary-expr","locations":[{"start":{"line":4,"column":6},"end":{"line":4,"column":12}},{"start":{"line":4,"column":16},"end":{"line":4,"column":25}}],"line":4},"3":{"loc":{"start":{"line":7,"column":14},"end":{"line":7,"column":64}},"type":"binary-expr","locations":[{"start":{"line":7,"column":14},"end":{"line":7,"column":34}},{"start":{"line":7,"column":38},"end":{"line":7,"column":64}}],"line":7},"4":{"loc":{"start":{"line":10,"column":9},"end":{"line":10,"column":23}},"type":"binary-expr","locations":[{"start":{"line":10,"column":9},"end":{"line":10,"column":14}},{"start":{"line":10,"column":18},"end":{"line":10,"column":23}}],"line":10}},"s":{"0":6,"1":2,"2":4,"3":7,"4":4,"5":1},"f":{"0":6,"1":7},"b":{"0":[0],"1":[2,4],"2":[6,5],"3":[7,3],"4":[4,2]},"_coverageSchema":"1a1c01bbd47fc00a2c39e90264f33305004495a9","hash":"e12c70d979378b681e33c7e4bce064f0ce828221"}
,"C:\\Users\\MALEBO\\Desktop\\solo-titan\\logout.js": {"path":"C:\\Users\\MALEBO\\Desktop\\solo-titan\\logout.js","statementMap":{"0":{"start":{"line":4,"column":2},"end":{"line":10,"column":3}},"1":{"start":{"line":5,"column":4},"end":{"line":5,"column":43}},"2":{"start":{"line":6,"column":4},"end":{"line":6,"column":16}},"3":{"start":{"line":8,"column":4},"end":{"line":8,"column":47}},"4":{"start":{"line":9,"column":4},"end":{"line":9,"column":17}},"5":{"start":{"line":14,"column":2},"end":{"line":20,"column":3}},"6":{"start":{"line":15,"column":17},"end":{"line":15,"column":52}},"7":{"start":{"line":16,"column":4},"end":{"line":16,"column":42}},"8":{"start":{"line":18,"column":4},"end":{"line":18,"column":48}},"9":{"start":{"line":19,"column":4},"end":{"line":19,"column":16}},"10":{"start":{"line":24,"column":2},"end":{"line":24,"column":35}},"11":{"start":{"line":27,"column":0},"end":{"line":31,"column":2}}},"fnMap":{"0":{"name":"logout","decl":{"start":{"line":3,"column":9},"end":{"line":3,"column":15}},"loc":{"start":{"line":3,"column":18},"end":{"line":11,"column":1}},"line":3},"1":{"name":"getCurrentUser","decl":{"start":{"line":13,"column":9},"end":{"line":13,"column":23}},"loc":{"start":{"line":13,"column":26},"end":{"line":21,"column":1}},"line":13},"2":{"name":"isAuthenticated","decl":{"start":{"line":23,"column":9},"end":{"line":23,"column":24}},"loc":{"start":{"line":23,"column":27},"end":{"line":25,"column":1}},"line":23}},"branchMap":{"0":{"loc":{"start":{"line":16,"column":11},"end":{"line":16,"column":41}},"type":"cond-expr","locations":[{"start":{"line":16,"column":18},"end":{"line":16,"column":34}},{"start":{"line":16,"column":37},"end":{"line":16,"column":41}}],"line":16}},"s":{"0":4,"1":4,"2":4,"3":0,"4":0,"5":5,"6":5,"7":5,"8":0,"9":0,"10":2,"11":1},"f":{"0":4,"1":5,"2":2},"b":{"0":[3,2]},"_coverageSchema":"1a1c01bbd47fc00a2c39e90264f33305004495a9","hash":"1af70dbaa850c0659430a0ce324636da035e181e"}
,"C:\\Users\\MALEBO\\Desktop\\solo-titan\\pickup.js": {"path":"C:\\Users\\MALEBO\\Desktop\\solo-titan\\pickup.js","statementMap":{"0":{"start":{"line":5,"column":2},"end":{"line":7,"column":3}},"1":{"start":{"line":6,"column":4},"end":{"line":6,"column":65}},"2":{"start":{"line":9,"column":2},"end":{"line":11,"column":3}},"3":{"start":{"line":10,"column":4},"end":{"line":10,"column":76}},"4":{"start":{"line":13,"column":2},"end":{"line":15,"column":3}},"5":{"start":{"line":14,"column":4},"end":{"line":14,"column":75}},"6":{"start":{"line":17,"column":24},"end":{"line":24,"column":3}},"7":{"start":{"line":26,"column":2},"end":{"line":26,"column":51}},"8":{"start":{"line":29,"column":0},"end":{"line":29,"column":40}}},"fnMap":{"0":{"name":"validatePickupForm","decl":{"start":{"line":4,"column":9},"end":{"line":4,"column":27}},"loc":{"start":{"line":4,"column":70},"end":{"line":27,"column":1}},"line":4}},"branchMap":{"0":{"loc":{"start":{"line":5,"column":2},"end":{"line":7,"column":3}},"type":"if","locations":[{"start":{"line":5,"column":2},"end":{"line":7,"column":3}},{"start":{},"end":{}}],"line":5},"1":{"loc":{"start":{"line":5,"column":6},"end":{"line":5,"column":56}},"type":"binary-expr","locations":[{"start":{"line":5,"column":6},"end":{"line":5,"column":11}},{"start":{"line":5,"column":15},"end":{"line":5,"column":24}},{"start":{"line":5,"column":28},"end":{"line":5,"column":38}},{"start":{"line":5,"column":42},"end":{"line":5,"column":56}}],"line":5},"2":{"loc":{"start":{"line":9,"column":2},"end":{"line":11,"column":3}},"type":"if","locations":[{"start":{"line":9,"column":2},"end":{"line":11,"column":3}},{"start":{},"end":{}}],"line":9},"3":{"loc":{"start":{"line":13,"column":2},"end":{"line":15,"column":3}},"type":"if","locations":[{"start":{"line":13,"column":2},"end":{"line":15,"column":3}},{"start":{},"end":{}}],"line":13},"4":{"loc":{"start":{"line":13,"column":6},"end":{"line":13,"column":57}},"type":"binary-expr","locations":[{"start":{"line":13,"column":6},"end":{"line":13,"column":27}},{"start":{"line":13,"column":31},"end":{"line":13,"column":57}}],"line":13}},"s":{"0":7,"1":4,"2":3,"3":1,"4":2,"5":1,"6":1,"7":1,"8":1},"f":{"0":7},"b":{"0":[4,3],"1":[7,6,5,4],"2":[1,2],"3":[1,1],"4":[2,1]},"_coverageSchema":"1a1c01bbd47fc00a2c39e90264f33305004495a9","hash":"c159de2716b6652ff998f8af5087ab1b2d356283"}
,"C:\\Users\\MALEBO\\Desktop\\solo-titan\\register.js": {"path":"C:\\Users\\MALEBO\\Desktop\\solo-titan\\register.js","statementMap":{"0":{"start":{"line":4,"column":2},"end":{"line":6,"column":3}},"1":{"start":{"line":5,"column":4},"end":{"line":5,"column":65}},"2":{"start":{"line":8,"column":2},"end":{"line":10,"column":3}},"3":{"start":{"line":9,"column":4},"end":{"line":9,"column":76}},"4":{"start":{"line":12,"column":21},"end":{"line":12,"column":49}},"5":{"start":{"line":13,"column":2},"end":{"line":15,"column":3}},"6":{"start":{"line":14,"column":4},"end":{"line":14,"column":62}},"7":{"start":{"line":17,"column":2},"end":{"line":19,"column":3}},"8":{"start":{"line":17,"column":32},"end":{"line":17,"column":49}},"9":{"start":{"line":18,"column":4},"end":{"line":18,"column":62}},"10":{"start":{"line":21,"column":2},"end":{"line":23,"column":3}},"11":{"start":{"line":22,"column":4},"end":{"line":22,"column":80}},"12":{"start":{"line":25,"column":2},"end":{"line":27,"column":3}},"13":{"start":{"line":26,"column":4},"end":{"line":26,"column":64}},"14":{"start":{"line":29,"column":18},"end":{"line":35,"column":3}},"15":{"start":{"line":37,"column":2},"end":{"line":37,"column":42}},"16":{"start":{"line":40,"column":0},"end":{"line":40,"column":42}}},"fnMap":{"0":{"name":"validateRegistration","decl":{"start":{"line":3,"column":9},"end":{"line":3,"column":29}},"loc":{"start":{"line":3,"column":90},"end":{"line":38,"column":1}},"line":3},"1":{"name":"(anonymous_1)","decl":{"start":{"line":17,"column":25},"end":{"line":17,"column":26}},"loc":{"start":{"line":17,"column":32},"end":{"line":17,"column":49}},"line":17}},"branchMap":{"0":{"loc":{"start":{"line":3,"column":70},"end":{"line":3,"column":88}},"type":"default-arg","locations":[{"start":{"line":3,"column":86},"end":{"line":3,"column":88}}],"line":3},"1":{"loc":{"start":{"line":4,"column":2},"end":{"line":6,"column":3}},"type":"if","locations":[{"start":{"line":4,"column":2},"end":{"line":6,"column":3}},{"start":{},"end":{}}],"line":4},"2":{"loc":{"start":{"line":4,"column":6},"end":{"line":4,"column":54}},"type":"binary-expr","locations":[{"start":{"line":4,"column":6},"end":{"line":4,"column":11}},{"start":{"line":4,"column":15},"end":{"line":4,"column":21}},{"start":{"line":4,"column":25},"end":{"line":4,"column":34}},{"start":{"line":4,"column":38},"end":{"line":4,"column":54}}],"line":4},"3":{"loc":{"start":{"line":8,"column":2},"end":{"line":10,"column":3}},"type":"if","locations":[{"start":{"line":8,"column":2},"end":{"line":10,"column":3}},{"start":{},"end":{}}],"line":8},"4":{"loc":{"start":{"line":13,"column":2},"end":{"line":15,"column":3}},"type":"if","locations":[{"start":{"line":13,"column":2},"end":{"line":15,"column":3}},{"start":{},"end":{}}],"line":13},"5":{"loc":{"start":{"line":17,"column":2},"end":{"line":19,"column":3}},"type":"if","locations":[{"start":{"line":17,"column":2},"end":{"line":19,"column":3}},{"start":{},"end":{}}],"line":17},"6":{"loc":{"start":{"line":21,"column":2},"end":{"line":23,"column":3}},"type":"if","locations":[{"start":{"line":21,"column":2},"end":{"line":23,"column":3}},{"start":{},"end":{}}],"line":21},"7":{"loc":{"start":{"line":25,"column":2},"end":{"line":27,"column":3}},"type":"if","locations":[{"start":{"line":25,"column":2},"end":{"line":27,"column":3}},{"start":{},"end":{}}],"line":25}},"s":{"0":8,"1":2,"2":6,"3":1,"4":5,"5":5,"6":1,"7":4,"8":4,"9":1,"10":3,"11":1,"12":2,"13":1,"14":1,"15":1,"16":1},"f":{"0":8,"1":4},"b":{"0":[0],"1":[2,6],"2":[8,7,6,6],"3":[1,5],"4":[1,4],"5":[1,3],"6":[1,2],"7":[1,1]},"_coverageSchema":"1a1c01bbd47fc00a2c39e90264f33305004495a9","hash":"5717eb2599a99f554104f9551953117c66009dc4"}
,"C:\\Users\\MALEBO\\Desktop\\solo-titan\\updatereq.js": {"path":"C:\\Users\\MALEBO\\Desktop\\solo-titan\\updatereq.js","statementMap":{"0":{"start":{"line":3,"column":20},"end":{"line":3,"column":47}},"1":{"start":{"line":6,"column":15},"end":{"line":6,"column":48}},"2":{"start":{"line":7,"column":2},"end":{"line":7,"column":38}},"3":{"start":{"line":11,"column":19},"end":{"line":11,"column":41}},"4":{"start":{"line":12,"column":16},"end":{"line":12,"column":59}},"5":{"start":{"line":12,"column":40},"end":{"line":12,"column":58}},"6":{"start":{"line":14,"column":2},"end":{"line":14,"column":33}},"7":{"start":{"line":14,"column":20},"end":{"line":14,"column":33}},"8":{"start":{"line":16,"column":2},"end":{"line":16,"column":37}},"9":{"start":{"line":17,"column":2},"end":{"line":17,"column":62}},"10":{"start":{"line":18,"column":2},"end":{"line":18,"column":14}},"11":{"start":{"line":21,"column":0},"end":{"line":21,"column":63}}},"fnMap":{"0":{"name":"getAllPickupRequests","decl":{"start":{"line":5,"column":9},"end":{"line":5,"column":29}},"loc":{"start":{"line":5,"column":32},"end":{"line":8,"column":1}},"line":5},"1":{"name":"updateRequestStatus","decl":{"start":{"line":10,"column":9},"end":{"line":10,"column":28}},"loc":{"start":{"line":10,"column":51},"end":{"line":19,"column":1}},"line":10},"2":{"name":"(anonymous_2)","decl":{"start":{"line":12,"column":35},"end":{"line":12,"column":36}},"loc":{"start":{"line":12,"column":40},"end":{"line":12,"column":58}},"line":12}},"branchMap":{"0":{"loc":{"start":{"line":7,"column":9},"end":{"line":7,"column":37}},"type":"cond-expr","locations":[{"start":{"line":7,"column":16},"end":{"line":7,"column":32}},{"start":{"line":7,"column":35},"end":{"line":7,"column":37}}],"line":7},"1":{"loc":{"start":{"line":14,"column":2},"end":{"line":14,"column":33}},"type":"if","locations":[{"start":{"line":14,"column":2},"end":{"line":14,"column":33}},{"start":{},"end":{}}],"line":14}},"s":{"0":1,"1":6,"2":6,"3":4,"4":4,"5":5,"6":4,"7":2,"8":2,"9":2,"10":2,"11":1},"f":{"0":6,"1":4,"2":5},"b":{"0":[6,0],"1":[2,2]},"_coverageSchema":"1a1c01bbd47fc00a2c39e90264f33305004495a9","hash":"3831cc54bc6171ae12210c83a762bc78230c9a89"}
}
