TN:
SF:admin.js
FN:6,getAllRequests
FN:11,updateRequestStatus
FN:13,(anonymous_2)
FN:24,calculateStats
FN:28,(anonymous_4)
FN:29,(anonymous_5)
FN:30,(anonymous_6)
FN:31,(anonymous_7)
FNF:8
FNH:8
FNDA:6,getAllRequests
FNDA:2,updateRequestStatus
FNDA:7,(anonymous_2)
FNDA:2,calculateStats
FNDA:5,(anonymous_4)
FNDA:5,(anonymous_5)
FNDA:5,(anonymous_6)
FNDA:5,(anonymous_7)
DA:7,6
DA:8,6
DA:12,2
DA:13,7
DA:15,2
DA:16,1
DA:17,1
DA:18,1
DA:21,1
DA:25,2
DA:26,2
DA:28,5
DA:29,5
DA:30,5
DA:31,5
DA:33,2
DA:36,1
LF:17
LH:17
BRDA:8,0,0,6
BRDA:8,0,1,0
BRDA:15,1,0,1
BRDA:15,1,1,1
BRF:4
BRH:3
end_of_record
TN:
SF:awareness.js
FN:6,getAwarenessCards
FNF:1
FNH:1
FNDA:1,getAwarenessCards
DA:7,1
DA:42,1
LF:2
LH:2
BRF:0
BRH:0
end_of_record
TN:
SF:dashboard.js
FN:4,filterByStatus
FN:5,(anonymous_1)
FN:8,filterByLocation
FN:9,(anonymous_3)
FNF:4
FNH:4
FNDA:3,filterByStatus
FNDA:12,(anonymous_1)
FNDA:3,filterByLocation
FNDA:12,(anonymous_3)
DA:5,12
DA:9,12
DA:12,1
LF:3
LH:3
BRF:0
BRH:0
end_of_record
TN:
SF:dataService.js
FN:11,(anonymous_0)
FN:47,(anonymous_1)
FN:51,(anonymous_2)
FN:66,(anonymous_3)
FN:68,(anonymous_4)
FN:76,(anonymous_5)
FN:80,(anonymous_6)
FN:82,(anonymous_7)
FN:89,(anonymous_8)
FNF:9
FNH:9
FNDA:11,(anonymous_0)
FNDA:9,(anonymous_1)
FNDA:3,(anonymous_2)
FNDA:2,(anonymous_3)
FNDA:4,(anonymous_4)
FNDA:5,(anonymous_5)
FNDA:3,(anonymous_6)
FNDA:3,(anonymous_7)
FNDA:9,(anonymous_8)
DA:4,2
DA:11,2
DA:12,11
DA:13,11
DA:23,11
DA:26,11
DA:27,11
DA:37,11
DA:40,11
DA:41,11
DA:45,2
DA:48,9
DA:52,3
DA:53,3
DA:61,3
DA:62,3
DA:63,3
DA:67,2
DA:68,4
DA:69,2
DA:70,2
DA:71,2
DA:72,2
DA:77,5
DA:81,3
DA:82,3
DA:83,2
DA:84,2
DA:85,2
DA:90,9
DA:91,9
DA:95,2
DA:97,2
LF:33
LH:33
BRDA:12,0,0,11
BRDA:12,0,1,0
BRDA:26,1,0,11
BRDA:26,1,1,0
BRDA:40,2,0,11
BRDA:40,2,1,0
BRDA:48,3,0,9
BRDA:48,3,1,0
BRDA:58,4,0,3
BRDA:58,4,1,0
BRDA:69,5,0,0
BRDA:69,5,1,2
BRDA:77,6,0,5
BRDA:77,6,1,0
BRDA:82,7,0,1
BRDA:82,7,1,2
BRF:16
BRH:9
end_of_record
TN:
SF:feedback.js
FN:4,validateFeedbackForm
FNF:1
FNH:1
FNDA:5,validateFeedbackForm
DA:5,5
DA:6,2
DA:9,3
DA:10,1
DA:13,2
DA:22,2
DA:25,1
LF:7
LH:7
BRDA:5,0,0,2
BRDA:5,0,1,3
BRDA:5,1,0,5
BRDA:5,1,1,4
BRDA:9,2,0,1
BRDA:9,2,1,2
BRDA:9,3,0,3
BRDA:9,3,1,2
BRDA:16,4,0,1
BRDA:16,4,1,1
BRDA:16,5,0,2
BRDA:16,5,1,1
BRF:12
BRH:12
end_of_record
TN:
SF:integration.js
FN:6,createMockPickup
FN:15,updateRequestToCompleted
FN:19,simulateAddUser
FNF:3
FNH:3
FNDA:1,createMockPickup
FNDA:1,updateRequestToCompleted
FNDA:1,simulateAddUser
DA:7,1
DA:16,1
DA:20,1
DA:30,1
LF:4
LH:4
BRDA:6,0,0,0
BRDA:19,1,0,0
BRF:2
BRH:0
end_of_record
TN:
SF:login.js
FN:3,login
FN:7,(anonymous_1)
FNF:2
FNH:2
FNDA:6,login
FNDA:7,(anonymous_1)
DA:4,6
DA:6,4
DA:7,7
DA:10,4
DA:13,1
LF:5
LH:5
BRDA:3,0,0,0
BRDA:4,1,0,2
BRDA:4,1,1,4
BRDA:4,2,0,6
BRDA:4,2,1,5
BRDA:7,3,0,7
BRDA:7,3,1,3
BRDA:10,4,0,4
BRDA:10,4,1,2
BRF:9
BRH:8
end_of_record
TN:
SF:logout.js
FN:3,logout
FN:13,getCurrentUser
FN:23,isAuthenticated
FNF:3
FNH:3
FNDA:4,logout
FNDA:5,getCurrentUser
FNDA:2,isAuthenticated
DA:4,4
DA:5,4
DA:6,4
DA:8,0
DA:9,0
DA:14,5
DA:15,5
DA:16,5
DA:18,0
DA:19,0
DA:24,2
DA:27,1
LF:12
LH:8
BRDA:16,0,0,3
BRDA:16,0,1,2
BRF:2
BRH:2
end_of_record
TN:
SF:pickup.js
FN:4,validatePickupForm
FNF:1
FNH:1
FNDA:7,validatePickupForm
DA:5,7
DA:6,4
DA:9,3
DA:10,1
DA:13,2
DA:14,1
DA:17,1
DA:26,1
DA:29,1
LF:9
LH:9
BRDA:5,0,0,4
BRDA:5,0,1,3
BRDA:5,1,0,7
BRDA:5,1,1,6
BRDA:5,1,2,5
BRDA:5,1,3,4
BRDA:9,2,0,1
BRDA:9,2,1,2
BRDA:13,3,0,1
BRDA:13,3,1,1
BRDA:13,4,0,2
BRDA:13,4,1,1
BRF:12
BRH:12
end_of_record
TN:
SF:register.js
FN:3,validateRegistration
FN:17,(anonymous_1)
FNF:2
FNH:2
FNDA:8,validateRegistration
FNDA:4,(anonymous_1)
DA:4,8
DA:5,2
DA:8,6
DA:9,1
DA:12,5
DA:13,5
DA:14,1
DA:17,4
DA:18,1
DA:21,3
DA:22,1
DA:25,2
DA:26,1
DA:29,1
DA:37,1
DA:40,1
LF:16
LH:16
BRDA:3,0,0,0
BRDA:4,1,0,2
BRDA:4,1,1,6
BRDA:4,2,0,8
BRDA:4,2,1,7
BRDA:4,2,2,6
BRDA:4,2,3,6
BRDA:8,3,0,1
BRDA:8,3,1,5
BRDA:13,4,0,1
BRDA:13,4,1,4
BRDA:17,5,0,1
BRDA:17,5,1,3
BRDA:21,6,0,1
BRDA:21,6,1,2
BRDA:25,7,0,1
BRDA:25,7,1,1
BRF:17
BRH:16
end_of_record
TN:
SF:updatereq.js
FN:5,getAllPickupRequests
FN:10,updateRequestStatus
FN:12,(anonymous_2)
FNF:3
FNH:3
FNDA:6,getAllPickupRequests
FNDA:4,updateRequestStatus
FNDA:5,(anonymous_2)
DA:3,1
DA:6,6
DA:7,6
DA:11,4
DA:12,5
DA:14,4
DA:16,2
DA:17,2
DA:18,2
DA:21,1
LF:10
LH:10
BRDA:7,0,0,6
BRDA:7,0,1,0
BRDA:14,1,0,2
BRDA:14,1,1,2
BRF:4
BRH:3
end_of_record
